<?xml version="1.0" encoding="UTF-8"?>
<testng-results ignored="0" total="1" passed="1" failed="0" skipped="0">
  <reporter-output>
  </reporter-output>
  <suite started-at="2021-10-10T23:20:10 IST" name="Suite" finished-at="2021-10-10T23:20:17 IST" duration-ms="6354">
    <groups>
    </groups>
    <test started-at="2021-10-10T23:20:10 IST" name="Test1" finished-at="2021-10-10T23:20:17 IST" duration-ms="6354">
      <class name="mavenforjenkins.UITest">
        <test-method signature="startBrowser(java.lang.String)[pri:0, instance:mavenforjenkins.UITest@2898ac89]" started-at="2021-10-10T23:20:10 IST" name="startBrowser" finished-at="2021-10-10T23:20:17 IST" duration-ms="6327" status="PASS">
          <params>
            <param index="0">
              <value>
                <![CDATA[Edge]]>
              </value>
            </param>
          </params>
          <reporter-output>
          </reporter-output>
        </test-method> <!-- startBrowser -->
      </class> <!-- mavenforjenkins.UITest -->
    </test> <!-- Test1 -->
  </suite> <!-- Suite -->
</testng-results>
